2020-05-03 15:10:41 [scrapy.utils.log] INFO: Scrapy 1.8.0 started (bot: Guazi)
2020-05-03 15:10:41 [scrapy.utils.log] INFO: Versions: lxml 4.4.1.0, libxml2 2.9.9, cssselect 1.1.0, parsel 1.5.2, w3lib 1.21.0, Twisted 19.7.0, Python 3.6.9 (default, Nov  7 2019, 10:44:02) - [GCC 8.3.0], pyOpenSSL 19.0.0 (OpenSSL 1.1.1  11 Sep 2018), cryptography 2.1.4, Platform Linux-5.0.0-37-generic-x86_64-with-Ubuntu-18.04-bionic
2020-05-03 15:10:41 [scrapy.crawler] INFO: Overridden settings: {'BOT_NAME': 'Guazi', 'COOKIES_ENABLED': False, 'DOWNLOAD_DELAY': 1, 'FEED_EXPORT_ENCODING': 'utf-8', 'FEED_FORMAT': 'json', 'FEED_URI': 'guazi.json', 'LOG_FILE': 'guazi.log', 'NEWSPIDER_MODULE': 'Guazi.spiders', 'SPIDER_MODULES': ['Guazi.spiders']}
2020-05-03 15:10:41 [scrapy.extensions.telnet] INFO: Telnet Password: 31aa12c8d3f16858
2020-05-03 15:10:41 [scrapy.middleware] INFO: Enabled extensions:
['scrapy.extensions.corestats.CoreStats',
 'scrapy.extensions.telnet.TelnetConsole',
 'scrapy.extensions.memusage.MemoryUsage',
 'scrapy.extensions.feedexport.FeedExporter',
 'scrapy.extensions.logstats.LogStats']
2020-05-03 15:10:41 [scrapy.middleware] INFO: Enabled downloader middlewares:
['scrapy.downloadermiddlewares.httpauth.HttpAuthMiddleware',
 'scrapy.downloadermiddlewares.downloadtimeout.DownloadTimeoutMiddleware',
 'scrapy.downloadermiddlewares.defaultheaders.DefaultHeadersMiddleware',
 'scrapy.downloadermiddlewares.useragent.UserAgentMiddleware',
 'scrapy.downloadermiddlewares.retry.RetryMiddleware',
 'scrapy.downloadermiddlewares.redirect.MetaRefreshMiddleware',
 'scrapy.downloadermiddlewares.httpcompression.HttpCompressionMiddleware',
 'scrapy.downloadermiddlewares.redirect.RedirectMiddleware',
 'scrapy.downloadermiddlewares.httpproxy.HttpProxyMiddleware',
 'scrapy.downloadermiddlewares.stats.DownloaderStats']
2020-05-03 15:10:41 [scrapy.middleware] INFO: Enabled spider middlewares:
['scrapy.spidermiddlewares.httperror.HttpErrorMiddleware',
 'scrapy.spidermiddlewares.offsite.OffsiteMiddleware',
 'scrapy.spidermiddlewares.referer.RefererMiddleware',
 'scrapy.spidermiddlewares.urllength.UrlLengthMiddleware',
 'scrapy.spidermiddlewares.depth.DepthMiddleware']
2020-05-03 15:10:41 [scrapy.middleware] INFO: Enabled item pipelines:
['Guazi.pipelines.GuaziPipeline']
2020-05-03 15:10:41 [scrapy.core.engine] INFO: Spider opened
2020-05-03 15:10:41 [scrapy.extensions.logstats] INFO: Crawled 0 pages (at 0 pages/min), scraped 0 items (at 0 items/min)
2020-05-03 15:10:41 [scrapy.extensions.telnet] INFO: Telnet console listening on 127.0.0.1:6023
2020-05-03 15:10:42 [scrapy.core.engine] DEBUG: Crawled (200) <GET https://www.guazi.com/zz/buy/o1/#bread> (referer: None)
2020-05-03 15:10:42 [scrapy.core.scraper] DEBUG: Scraped from <200 https://www.guazi.com/zz/buy/o1/>
{'link': '/su/faa31bb1a6fe3f6cx.htm#fr_page=list&fr_pos=city&fr_no=0',
 'name': '别克 君越 2016款 20T 精英型',
 'price': '13.12'}
2020-05-03 15:10:42 [scrapy.core.scraper] DEBUG: Scraped from <200 https://www.guazi.com/zz/buy/o1/>
{'link': '/wenzhou/c8ae33dc7cf20c6fx.htm#fr_page=list&fr_pos=city&fr_no=1',
 'name': '雪佛兰 科鲁兹 2012款 1.8L SE AT',
 'price': '3.21'}
2020-05-03 15:10:42 [scrapy.core.scraper] DEBUG: Scraped from <200 https://www.guazi.com/zz/buy/o1/>
{'link': '/hrb/8020277fe056cb1bx.htm#fr_page=list&fr_pos=city&fr_no=2',
 'name': '大众 途观 2016款 300TSI 自动两驱风尚版',
 'price': '10.70'}
2020-05-03 15:10:42 [scrapy.core.scraper] DEBUG: Scraped from <200 https://www.guazi.com/zz/buy/o1/>
{'link': '/baoding/3a308a5acb96bd0fx.htm#fr_page=list&fr_pos=city&fr_no=3',
 'name': '现代ix35 2013款 2.0L 自动两驱智能型GLS 国IV',
 'price': '7.91'}
2020-05-03 15:10:42 [scrapy.core.scraper] DEBUG: Scraped from <200 https://www.guazi.com/zz/buy/o1/>
{'link': '/bj/e4cc1aaa5a50abe7x.htm#fr_page=list&fr_pos=city&fr_no=4',
 'name': '中华V5 2014款 1.5T 自动两驱运动型',
 'price': '4.19'}
2020-05-03 15:10:42 [scrapy.core.scraper] DEBUG: Scraped from <200 https://www.guazi.com/zz/buy/o1/>
{'link': '/weifang/8ad3ea3ccab8fe59x.htm#fr_page=list&fr_pos=city&fr_no=5',
 'name': '别克 英朗 2016款 15N 手动进取型',
 'price': '6.29'}
2020-05-03 15:10:42 [scrapy.core.scraper] DEBUG: Scraped from <200 https://www.guazi.com/zz/buy/o1/>
{'link': '/hrb/889221faf44b6bf2x.htm#fr_page=list&fr_pos=city&fr_no=6',
 'name': '起亚KX3 2015款 1.6L 自动两驱DLX',
 'price': '6.70'}
2020-05-03 15:10:42 [scrapy.core.scraper] DEBUG: Scraped from <200 https://www.guazi.com/zz/buy/o1/>
{'link': '/weifang/c32191c9b16aba40x.htm#fr_page=list&fr_pos=city&fr_no=7',
 'name': '起亚KX3 2015款 1.6L 自动两驱DLX',
 'price': '7.45'}
2020-05-03 15:10:42 [scrapy.core.scraper] DEBUG: Scraped from <200 https://www.guazi.com/zz/buy/o1/>
{'link': '/jilin/42fe1df9645564c9x.htm#fr_page=list&fr_pos=city&fr_no=8',
 'name': '日产 轩逸 2009款 2.0XL CVT科技天窗版',
 'price': '4.42'}
2020-05-03 15:10:42 [scrapy.core.scraper] DEBUG: Scraped from <200 https://www.guazi.com/zz/buy/o1/>
{'link': '/nmg/31613019f3e58a12x.htm#fr_page=list&fr_pos=city&fr_no=9',
 'name': '大众 朗逸 2011款 1.6L 自动品悠版',
 'price': '4.65'}
2020-05-03 15:10:42 [scrapy.core.scraper] DEBUG: Scraped from <200 https://www.guazi.com/zz/buy/o1/>
{'link': '/su/d11092946991e2fdx.htm#fr_page=list&fr_pos=city&fr_no=10',
 'name': '大众 朗行 2013款 1.6L 自动风尚型',
 'price': '5.57'}
2020-05-03 15:10:42 [scrapy.core.scraper] DEBUG: Scraped from <200 https://www.guazi.com/zz/buy/o1/>
{'link': '/xa/c74bed2504bde591x.htm#fr_page=list&fr_pos=city&fr_no=11',
 'name': '标致408 2015款 1.2T 自动豪华版',
 'price': '7.34'}
2020-05-03 15:10:42 [scrapy.core.scraper] DEBUG: Scraped from <200 https://www.guazi.com/zz/buy/o1/>
{'link': '/tj/2ced1c9334057894x.htm#fr_page=list&fr_pos=city&fr_no=12',
 'name': '福特 蒙迪欧 2013款 2.0L GTDi200豪华型',
 'price': '8.65'}
2020-05-03 15:10:42 [scrapy.core.scraper] DEBUG: Scraped from <200 https://www.guazi.com/zz/buy/o1/>
{'link': '/yangzhou/84ded0fb7bacac5dx.htm#fr_page=list&fr_pos=city&fr_no=13',
 'name': '别克 凯越 2011款 1.6LE-AT',
 'price': '2.79'}
2020-05-03 15:10:42 [scrapy.core.scraper] DEBUG: Scraped from <200 https://www.guazi.com/zz/buy/o1/>
{'link': '/su/4cd4081b28eb58f4x.htm#fr_page=list&fr_pos=city&fr_no=14',
 'name': '东南DX7 2015款 2.0T 手动运动豪华型',
 'price': '6.51'}
2020-05-03 15:10:42 [scrapy.core.scraper] DEBUG: Scraped from <200 https://www.guazi.com/zz/buy/o1/>
{'link': '/hrb/8684e159b5189b41x.htm#fr_page=list&fr_pos=city&fr_no=15',
 'name': '大众 宝来 2011款 1.6L 自动时尚型',
 'price': '4.00'}
2020-05-03 15:10:42 [scrapy.core.scraper] DEBUG: Scraped from <200 https://www.guazi.com/zz/buy/o1/>
{'link': '/weifang/e6ebe99f1ac9845bx.htm#fr_page=list&fr_pos=city&fr_no=16',
 'name': '福特 福克斯 2012款 三厢 1.6L 自动舒适型',
 'price': '5.20'}
2020-05-03 15:10:42 [scrapy.core.scraper] DEBUG: Scraped from <200 https://www.guazi.com/zz/buy/o1/>
{'link': '/su/60f15190132a28bbx.htm#fr_page=list&fr_pos=city&fr_no=17',
 'name': '日产 蓝鸟 2016款 1.6L CVT智酷版',
 'price': '8.93'}
2020-05-03 15:10:42 [scrapy.core.scraper] DEBUG: Scraped from <200 https://www.guazi.com/zz/buy/o1/>
{'link': '/su/02bd9a57247a2365x.htm#fr_page=list&fr_pos=city&fr_no=18',
 'name': '奥迪A6L 2015款 TFSI 百万纪念智领型',
 'price': '18.60'}
2020-05-03 15:10:42 [scrapy.core.scraper] DEBUG: Scraped from <200 https://www.guazi.com/zz/buy/o1/>
{'link': '/weifang/52c37166bf85ec3fx.htm#fr_page=list&fr_pos=city&fr_no=19',
 'name': '大众 高尔夫 2010款 1.6 自动舒适型',
 'price': '5.80'}
2020-05-03 15:10:42 [scrapy.core.scraper] DEBUG: Scraped from <200 https://www.guazi.com/zz/buy/o1/>
{'link': '/km/1e9123bca35a221ex.htm#fr_page=list&fr_pos=city&fr_no=20',
 'name': '奇瑞 瑞虎3 2015款 1.6L 手动风尚运动版',
 'price': '3.60'}
2020-05-03 15:10:42 [scrapy.core.scraper] DEBUG: Scraped from <200 https://www.guazi.com/zz/buy/o1/>
{'link': '/jn/5f6abdbe33287eb6x.htm#fr_page=list&fr_pos=city&fr_no=21',
 'name': '大众 途观 2013款 1.8TSI 自动两驱舒适版',
 'price': '11.63'}
2020-05-03 15:10:42 [scrapy.core.scraper] DEBUG: Scraped from <200 https://www.guazi.com/zz/buy/o1/>
{'link': '/km/8399b8a18631e251x.htm#fr_page=list&fr_pos=city&fr_no=22',
 'name': '猎豹CS10 2015款 2.0T 手动风尚型',
 'price': '4.84'}
2020-05-03 15:10:42 [scrapy.core.scraper] DEBUG: Scraped from <200 https://www.guazi.com/zz/buy/o1/>
{'link': '/hrb/bf47171e26e5a1c1x.htm#fr_page=list&fr_pos=city&fr_no=23',
 'name': '现代 全新胜达 2013款 2.4L 自动两驱舒适型',
 'price': '8.75'}
2020-05-03 15:10:42 [scrapy.core.scraper] DEBUG: Scraped from <200 https://www.guazi.com/zz/buy/o1/>
{'link': '/zz/d46f3b93a7e16932x.htm#fr_page=list&fr_pos=city&fr_no=24',
 'name': '奔驰GLK级 2013款 GLK 300 4MATIC 动感天窗型',
 'price': '19.35'}
2020-05-03 15:10:42 [scrapy.core.scraper] DEBUG: Scraped from <200 https://www.guazi.com/zz/buy/o1/>
{'link': '/su/1a96825c22ae3f4cx.htm#fr_page=list&fr_pos=city&fr_no=25',
 'name': '沃尔沃S60 2013款 T5 舒适版(进口)',
 'price': '9.35'}
2020-05-03 15:10:42 [scrapy.core.scraper] DEBUG: Scraped from <200 https://www.guazi.com/zz/buy/o1/>
{'link': '/su/2b91e3e3bb53ee50x.htm#fr_page=list&fr_pos=city&fr_no=26',
 'name': '大众 凌渡 2015款 280TSI DSG豪华版',
 'price': '10.34'}
2020-05-03 15:10:42 [scrapy.core.scraper] DEBUG: Scraped from <200 https://www.guazi.com/zz/buy/o1/>
{'link': '/hrb/be835757d82d3bd6x.htm#fr_page=list&fr_pos=city&fr_no=27',
 'name': '福特 福克斯 2013款 两厢经典 1.8L 手动基本型',
 'price': '4.19'}
2020-05-03 15:10:42 [scrapy.core.scraper] DEBUG: Scraped from <200 https://www.guazi.com/zz/buy/o1/>
{'link': '/tj/cd86701eed85d043x.htm#fr_page=list&fr_pos=city&fr_no=28',
 'name': '海马 普力马 2013款 1.6L 手动7座开拓版',
 'price': '3.07'}
2020-05-03 15:10:42 [scrapy.core.scraper] DEBUG: Scraped from <200 https://www.guazi.com/zz/buy/o1/>
{'link': '/hz/c8038a6137ceb23ax.htm#fr_page=list&fr_pos=city&fr_no=29',
 'name': '福特 翼搏 2013款 1.5L 自动风尚型',
 'price': '5.12'}
2020-05-03 15:10:42 [scrapy.core.scraper] DEBUG: Scraped from <200 https://www.guazi.com/zz/buy/o1/>
{'link': '/sh/56df53ac6ca8bd6dx.htm#fr_page=list&fr_pos=city&fr_no=30',
 'name': '别克 君威 2012款 2.0L 舒适版',
 'price': '5.47'}
2020-05-03 15:10:42 [scrapy.core.scraper] DEBUG: Scraped from <200 https://www.guazi.com/zz/buy/o1/>
{'link': '/nmg/300ea9a82d92bf8fx.htm#fr_page=list&fr_pos=city&fr_no=31',
 'name': '斯柯达 明锐 2012款 1.6L 自动逸杰版',
 'price': '4.47'}
2020-05-03 15:10:42 [scrapy.core.scraper] DEBUG: Scraped from <200 https://www.guazi.com/zz/buy/o1/>
{'link': '/weifang/fb5223cb03f048cex.htm#fr_page=list&fr_pos=city&fr_no=32',
 'name': '福特 蒙迪欧-致胜 2011款 2.3L 豪华型',
 'price': '6.30'}
2020-05-03 15:10:42 [scrapy.core.scraper] DEBUG: Scraped from <200 https://www.guazi.com/zz/buy/o1/>
{'link': '/bj/df2723c5af732e92x.htm#fr_page=list&fr_pos=city&fr_no=33',
 'name': '丰田 凯美瑞 2011款 200E 精英天窗版',
 'price': '6.51'}
2020-05-03 15:10:42 [scrapy.core.scraper] DEBUG: Scraped from <200 https://www.guazi.com/zz/buy/o1/>
{'link': '/nc/680d6e93850639d9x.htm#fr_page=list&fr_pos=city&fr_no=34',
 'name': '福特 福睿斯 2015款 1.5L 手动舒适型',
 'price': '4.42'}
2020-05-03 15:10:42 [scrapy.core.scraper] DEBUG: Scraped from <200 https://www.guazi.com/zz/buy/o1/>
{'link': '/su/1887b2d2feecfa8ex.htm#fr_page=list&fr_pos=city&fr_no=35',
 'name': '大众CC 2016款 2.0TSI 豪华型',
 'price': '15.81'}
2020-05-03 15:10:42 [scrapy.core.scraper] DEBUG: Scraped from <200 https://www.guazi.com/zz/buy/o1/>
{'link': '/xa/cc6a5252b0eaccd0x.htm#fr_page=list&fr_pos=city&fr_no=36',
 'name': '别克 凯越 2013款 1.5L 手动尊享型',
 'price': '3.11'}
2020-05-03 15:10:42 [scrapy.core.scraper] DEBUG: Scraped from <200 https://www.guazi.com/zz/buy/o1/>
{'link': '/hrb/2f97161593007b75x.htm#fr_page=list&fr_pos=city&fr_no=37',
 'name': '大众 途观 2013款 1.8TSI 自动四驱豪华型',
 'price': '13.32'}
2020-05-03 15:10:42 [scrapy.core.scraper] DEBUG: Scraped from <200 https://www.guazi.com/zz/buy/o1/>
{'link': '/wh/393143700e224ebex.htm#fr_page=list&fr_pos=city&fr_no=38',
 'name': '雪铁龙 世嘉 2012款 三厢 1.6L 自动品尚型',
 'price': '3.61'}
2020-05-03 15:10:42 [scrapy.core.scraper] DEBUG: Scraped from <200 https://www.guazi.com/zz/buy/o1/>
{'link': '/xa/3688b45753cb650cx.htm#fr_page=list&fr_pos=city&fr_no=39',
 'name': '大众 高尔夫 2016款 1.6L 自动舒适型',
 'price': '8.56'}
2020-05-03 15:10:43 [scrapy.core.engine] DEBUG: Crawled (200) <GET https://www.guazi.com/zz/buy/o2/#bread> (referer: None)
2020-05-03 15:10:43 [scrapy.core.scraper] DEBUG: Scraped from <200 https://www.guazi.com/zz/buy/o2/>
{'link': '/nmg/e454fc4fd49b6db0x.htm#fr_page=list&fr_pos=city&fr_no=0',
 'name': '大众 朗逸 2015款 230TSI DSG舒适版',
 'price': '8.19'}
2020-05-03 15:10:43 [scrapy.core.scraper] DEBUG: Scraped from <200 https://www.guazi.com/zz/buy/o2/>
{'link': '/xingtai/d9cbe5b1c997e819x.htm#fr_page=list&fr_pos=city&fr_no=1',
 'name': '现代 朗动 2012款 1.6L 自动尊贵型',
 'price': '5.53'}
2020-05-03 15:10:43 [scrapy.core.scraper] DEBUG: Scraped from <200 https://www.guazi.com/zz/buy/o2/>
{'link': '/cq/51e25805b46d7ddbx.htm#fr_page=list&fr_pos=city&fr_no=2',
 'name': '长安 悦翔V7 2015款 1.6L 自动乐享型 国IV',
 'price': '4.38'}
2020-05-03 15:10:43 [scrapy.core.scraper] DEBUG: Scraped from <200 https://www.guazi.com/zz/buy/o2/>
{'link': '/yc/523dcb6fdbfa3c3dx.htm#fr_page=list&fr_pos=city&fr_no=3',
 'name': '中华H330 2013款 1.5L 自动豪华型',
 'price': '2.79'}
2020-05-03 15:10:43 [scrapy.core.scraper] DEBUG: Scraped from <200 https://www.guazi.com/zz/buy/o2/>
{'link': '/linyi/c5dba7970c84e70bx.htm#fr_page=list&fr_pos=city&fr_no=4',
 'name': '大众 朗逸 2013款 改款经典 1.6L 自动风尚版',
 'price': '7.30'}
2020-05-03 15:10:43 [scrapy.core.scraper] DEBUG: Scraped from <200 https://www.guazi.com/zz/buy/o2/>
{'link': '/sjz/17446de45247f77ax.htm#fr_page=list&fr_pos=city&fr_no=5',
 'name': '现代 朗动 2015款 1.6L 自动尊贵型',
 'price': '6.79'}
2020-05-03 15:10:43 [scrapy.core.scraper] DEBUG: Scraped from <200 https://www.guazi.com/zz/buy/o2/>
{'link': '/nn/425f47c84338c91cx.htm#fr_page=list&fr_pos=city&fr_no=6',
 'name': '现代ix35 2012款 2.0L 自动两驱精英版GLS',
 'price': '6.51'}
2020-05-03 15:10:43 [scrapy.core.scraper] DEBUG: Scraped from <200 https://www.guazi.com/zz/buy/o2/>
{'link': '/xm/a39dc5e6221a6bfax.htm#fr_page=list&fr_pos=city&fr_no=7',
 'name': '宝马X3 2014款 xDrive20i X设计套装(进口)',
 'price': '27.55'}
2020-05-03 15:10:43 [scrapy.core.scraper] DEBUG: Scraped from <200 https://www.guazi.com/zz/buy/o2/>
{'link': '/weifang/0b4419ad61c139e0x.htm#fr_page=list&fr_pos=city&fr_no=8',
 'name': '现代ix35 2010款 2.4L 自动两驱尊贵版GLS',
 'price': '6.40'}
2020-05-03 15:10:43 [scrapy.core.scraper] DEBUG: Scraped from <200 https://www.guazi.com/zz/buy/o2/>
{'link': '/weifang/63c9551b02e6d831x.htm#fr_page=list&fr_pos=city&fr_no=9',
 'name': '奔驰A级 2011款 A 160(进口)',
 'price': '6.40'}
2020-05-03 15:10:43 [scrapy.core.scraper] DEBUG: Scraped from <200 https://www.guazi.com/zz/buy/o2/>
{'link': '/sy/067515d4e8833b1dx.htm#fr_page=list&fr_pos=city&fr_no=10',
 'name': '现代 朗动 2012款 1.6L 自动尊贵型',
 'price': '6.21'}
2020-05-03 15:10:43 [scrapy.core.scraper] DEBUG: Scraped from <200 https://www.guazi.com/zz/buy/o2/>
{'link': '/bj/fa6203b53b1dafdbx.htm#fr_page=list&fr_pos=city&fr_no=11',
 'name': '日产 骐达 2016款 1.6L CVT智尊版',
 'price': '8.28'}
2020-05-03 15:10:43 [scrapy.core.scraper] DEBUG: Scraped from <200 https://www.guazi.com/zz/buy/o2/>
{'link': '/hz/6369187942bb9286x.htm#fr_page=list&fr_pos=city&fr_no=12',
 'name': '福特 蒙迪欧 2013款 1.5L GTDi180时尚型',
 'price': '11.85'}
2020-05-03 15:10:43 [scrapy.core.scraper] DEBUG: Scraped from <200 https://www.guazi.com/zz/buy/o2/>
{'link': '/nmg/37bae4f151c78bfcx.htm#fr_page=list&fr_pos=city&fr_no=13',
 'name': '起亚K3 2015款 1.6L 手动GLS',
 'price': '4.47'}
2020-05-03 15:10:43 [scrapy.core.scraper] DEBUG: Scraped from <200 https://www.guazi.com/zz/buy/o2/>
{'link': '/fz/53cbfbcb2f9bdc89x.htm#fr_page=list&fr_pos=city&fr_no=14',
 'name': '奥迪Q5 2011款 2.0TFSI 技术型',
 'price': '12.69'}
2020-05-03 15:10:43 [scrapy.core.scraper] DEBUG: Scraped from <200 https://www.guazi.com/zz/buy/o2/>
{'link': '/zz/c7c3b67a0a971d19x.htm#fr_page=list&fr_pos=city&fr_no=15',
 'name': '本田 歌诗图 2012款 2.4L 豪华版',
 'price': '8.26'}
2020-05-03 15:10:43 [scrapy.core.scraper] DEBUG: Scraped from <200 https://www.guazi.com/zz/buy/o2/>
{'link': '/xuzhou/0a50a84280050a15x.htm#fr_page=list&fr_pos=city&fr_no=16',
 'name': '大众 速腾 2015款 1.6L 自动时尚型',
 'price': '8.10'}
2020-05-03 15:10:43 [scrapy.core.scraper] DEBUG: Scraped from <200 https://www.guazi.com/zz/buy/o2/>
{'link': '/qd/fd017f290a57be0dx.htm#fr_page=list&fr_pos=city&fr_no=17',
 'name': '日产 骐达 2019款 1.6L CVT酷动版 国VI',
 'price': '11.88'}
2020-05-03 15:10:43 [scrapy.core.scraper] DEBUG: Scraped from <200 https://www.guazi.com/zz/buy/o2/>
{'link': '/nmg/f1f0586015f87045x.htm#fr_page=list&fr_pos=city&fr_no=18',
 'name': '别克 君威 2012款 2.4L SIDI旗舰版',
 'price': '5.31'}
2020-05-03 15:10:43 [scrapy.core.scraper] DEBUG: Scraped from <200 https://www.guazi.com/zz/buy/o2/>
{'link': '/yuncheng/5e9f2c11a734984dx.htm#fr_page=list&fr_pos=city&fr_no=19',
 'name': '别克 英朗 2016款 15N 手动精英型',
 'price': '5.07'}
2020-05-03 15:10:43 [scrapy.core.scraper] DEBUG: Scraped from <200 https://www.guazi.com/zz/buy/o2/>
{'link': '/sy/24e5019dc5eb61dfx.htm#fr_page=list&fr_pos=city&fr_no=20',
 'name': '别克 君越 2016款 28T 旗舰型',
 'price': '17.75'}
2020-05-03 15:10:43 [scrapy.core.scraper] DEBUG: Scraped from <200 https://www.guazi.com/zz/buy/o2/>
{'link': '/weifang/dbde9a508b4e6823x.htm#fr_page=list&fr_pos=city&fr_no=21',
 'name': '雪铁龙 世嘉 2016款 经典 三厢 1.6L 手动品尚型',
 'price': '5.60'}
2020-05-03 15:10:43 [scrapy.core.scraper] DEBUG: Scraped from <200 https://www.guazi.com/zz/buy/o2/>
{'link': '/hrb/b4682bef3a9bfa34x.htm#fr_page=list&fr_pos=city&fr_no=22',
 'name': '长安CS35 2017款 1.6L 自动豪华型',
 'price': '6.05'}
2020-05-03 15:10:43 [scrapy.core.scraper] DEBUG: Scraped from <200 https://www.guazi.com/zz/buy/o2/>
{'link': '/hz/b23823789ab58618x.htm#fr_page=list&fr_pos=city&fr_no=23',
 'name': '奥迪A6L 2011款 2.0 TFSI 自动标准型',
 'price': '11.63'}
2020-05-03 15:10:43 [scrapy.core.scraper] DEBUG: Scraped from <200 https://www.guazi.com/zz/buy/o2/>
{'link': '/baoding/b3a697a7923e0c19x.htm#fr_page=list&fr_pos=city&fr_no=24',
 'name': '现代 朗动 2015款 1.6L 手动领先型',
 'price': '5.40'}
2020-05-03 15:10:43 [scrapy.core.scraper] DEBUG: Scraped from <200 https://www.guazi.com/zz/buy/o2/>
{'link': '/xuzhou/a90544cc8ee58de7x.htm#fr_page=list&fr_pos=city&fr_no=25',
 'name': '起亚K2 2015款 三厢 1.4L AT GLS',
 'price': '4.33'}
2020-05-03 15:10:43 [scrapy.core.scraper] DEBUG: Scraped from <200 https://www.guazi.com/zz/buy/o2/>
{'link': '/su/71fc57b823567aaex.htm#fr_page=list&fr_pos=city&fr_no=26',
 'name': '现代 领动 2019款 1.4T 双离合炫动·活力型',
 'price': '9.21'}
2020-05-03 15:10:43 [scrapy.core.scraper] DEBUG: Scraped from <200 https://www.guazi.com/zz/buy/o2/>
{'link': '/bj/53a43670f3109062x.htm#fr_page=list&fr_pos=city&fr_no=27',
 'name': '别克 君威 2015款 1.6T 精英技术型',
 'price': '8.28'}
2020-05-03 15:10:43 [scrapy.core.scraper] DEBUG: Scraped from <200 https://www.guazi.com/zz/buy/o2/>
{'link': '/cs/221e0d7e0904f67ax.htm#fr_page=list&fr_pos=city&fr_no=28',
 'name': '三菱 劲炫ASX 2013款 2.0L CVT两驱精英版',
 'price': '7.24'}
2020-05-03 15:10:43 [scrapy.core.scraper] DEBUG: Scraped from <200 https://www.guazi.com/zz/buy/o2/>
{'link': '/dl/f71e89d8a904bc14x.htm#fr_page=list&fr_pos=city&fr_no=29',
 'name': '荣威360 2018款 PLUS 1.5L 自动豪华版',
 'price': '5.57'}
2020-05-03 15:10:43 [scrapy.core.scraper] DEBUG: Scraped from <200 https://www.guazi.com/zz/buy/o2/>
{'link': '/xa/9bf547df8a15347ex.htm#fr_page=list&fr_pos=city&fr_no=30',
 'name': '大众 凌渡 2015款 230TSI DSG风尚版',
 'price': '9.87'}
2020-05-03 15:10:43 [scrapy.core.scraper] DEBUG: Scraped from <200 https://www.guazi.com/zz/buy/o2/>
{'link': '/cd/09bbe773bc437d21x.htm#fr_page=list&fr_pos=city&fr_no=31',
 'name': '福特 福克斯 2013款 两厢经典 1.8L 自动基本型',
 'price': '5.01'}
2020-05-03 15:10:43 [scrapy.core.scraper] DEBUG: Scraped from <200 https://www.guazi.com/zz/buy/o2/>
{'link': '/xm/a07045f06abd7b6cx.htm#fr_page=list&fr_pos=city&fr_no=32',
 'name': '宝马X3 2012款 xDrive28i 豪华型(进口)',
 'price': '17.30'}
2020-05-03 15:10:43 [scrapy.core.scraper] DEBUG: Scraped from <200 https://www.guazi.com/zz/buy/o2/>
{'link': '/sh/e47cf956c8fb68a5x.htm#fr_page=list&fr_pos=city&fr_no=33',
 'name': '别克 英朗 2014款 XT 1.6L 自动时尚版',
 'price': '5.94'}
2020-05-03 15:10:43 [scrapy.core.scraper] DEBUG: Scraped from <200 https://www.guazi.com/zz/buy/o2/>
{'link': '/cq/5918b4f25f33a49fx.htm#fr_page=list&fr_pos=city&fr_no=34',
 'name': '斯柯达 明锐 2015款 1.6L 自动逸俊版',
 'price': '5.94'}
2020-05-03 15:10:43 [scrapy.core.scraper] DEBUG: Scraped from <200 https://www.guazi.com/zz/buy/o2/>
{'link': '/dg/47dfea4a43e75051x.htm#fr_page=list&fr_pos=city&fr_no=35',
 'name': '大众 捷达 2015款 质惠版 1.6L 手动时尚型',
 'price': '4.92'}
2020-05-03 15:10:43 [scrapy.core.scraper] DEBUG: Scraped from <200 https://www.guazi.com/zz/buy/o2/>
{'link': '/huizhou/80eb9c9515e03b4ex.htm#fr_page=list&fr_pos=city&fr_no=36',
 'name': '哈弗H6 2016款 升级版 1.5T 自动两驱精英型',
 'price': '6.05'}
2020-05-03 15:10:43 [scrapy.core.scraper] DEBUG: Scraped from <200 https://www.guazi.com/zz/buy/o2/>
{'link': '/jilin/0149b7716410a697x.htm#fr_page=list&fr_pos=city&fr_no=37',
 'name': '丰田 雷凌 2016款 1.6G CVT精英版',
 'price': '8.19'}
2020-05-03 15:10:43 [scrapy.core.scraper] DEBUG: Scraped from <200 https://www.guazi.com/zz/buy/o2/>
{'link': '/huizhou/5ea6d15109377599x.htm#fr_page=list&fr_pos=city&fr_no=38',
 'name': '现代ix35 2012款 2.0L 自动两驱精英版GLS',
 'price': '6.92'}
2020-05-03 15:10:43 [scrapy.core.scraper] DEBUG: Scraped from <200 https://www.guazi.com/zz/buy/o2/>
{'link': '/yancheng/13c1dc2a85c185c5x.htm#fr_page=list&fr_pos=city&fr_no=39',
 'name': '起亚 智跑 2011款 2.0L 自动两驱版GL',
 'price': '5.77'}
2020-05-03 15:10:44 [scrapy.core.engine] DEBUG: Crawled (200) <GET https://www.guazi.com/zz/buy/o3/#bread> (referer: None)
2020-05-03 15:10:44 [scrapy.core.scraper] DEBUG: Scraped from <200 https://www.guazi.com/zz/buy/o3/>
{'link': '/xiangyang/62849a07029c76b2x.htm#fr_page=list&fr_pos=city&fr_no=0',
 'name': '传祺GS4 2015款 200T 手动豪华版',
 'price': '5.01'}
2020-05-03 15:10:44 [scrapy.core.scraper] DEBUG: Scraped from <200 https://www.guazi.com/zz/buy/o3/>
{'link': '/qd/f947d49547a0eb9ex.htm#fr_page=list&fr_pos=city&fr_no=1',
 'name': '福特 蒙迪欧-致胜 2011款 2.0L GTDi200时尚型',
 'price': '5.10'}
2020-05-03 15:10:44 [scrapy.core.scraper] DEBUG: Scraped from <200 https://www.guazi.com/zz/buy/o3/>
{'link': '/tj/be23f50d8127fa92x.htm#fr_page=list&fr_pos=city&fr_no=2',
 'name': '大众 途观 2015款 1.8TSI 自动两驱舒适版',
 'price': '10.71'}
2020-05-03 15:10:44 [scrapy.core.scraper] DEBUG: Scraped from <200 https://www.guazi.com/zz/buy/o3/>
{'link': '/nantong/72ec9374da8566f7x.htm#fr_page=list&fr_pos=city&fr_no=3',
 'name': '雪佛兰 迈锐宝 2014款 2.0L 自动舒适版',
 'price': '7.26'}
2020-05-03 15:10:44 [scrapy.core.scraper] DEBUG: Scraped from <200 https://www.guazi.com/zz/buy/o3/>
{'link': '/cd/7c106b6e07222c5dx.htm#fr_page=list&fr_pos=city&fr_no=4',
 'name': '起亚K2 2015款 三厢 1.4L AT GLS',
 'price': '4.92'}
2020-05-03 15:10:44 [scrapy.core.scraper] DEBUG: Scraped from <200 https://www.guazi.com/zz/buy/o3/>
{'link': '/tj/63fed1256307e577x.htm#fr_page=list&fr_pos=city&fr_no=5',
 'name': '斯柯达 晶锐 2012款 1.4L 自动晶灵版',
 'price': '4.33'}
2020-05-03 15:10:44 [scrapy.core.scraper] DEBUG: Scraped from <200 https://www.guazi.com/zz/buy/o3/>
{'link': '/cq/ea03c3e3fd23a43fx.htm#fr_page=list&fr_pos=city&fr_no=6',
 'name': '丰田 雷凌 2014款 1.6G CVT精英版',
 'price': '7.63'}
2020-05-03 15:10:44 [scrapy.core.scraper] DEBUG: Scraped from <200 https://www.guazi.com/zz/buy/o3/>
{'link': '/weifang/4b408bf70acc2185x.htm#fr_page=list&fr_pos=city&fr_no=7',
 'name': '大众POLO 2013款 1.6L 自动舒适版',
 'price': '5.00'}
2020-05-03 15:10:44 [scrapy.core.scraper] DEBUG: Scraped from <200 https://www.guazi.com/zz/buy/o3/>
{'link': '/sh/8a31c2b3271c7a56x.htm#fr_page=list&fr_pos=city&fr_no=8',
 'name': '宝马3系 2016款 320Li 时尚型',
 'price': '20.46'}
2020-05-03 15:10:44 [scrapy.core.scraper] DEBUG: Scraped from <200 https://www.guazi.com/zz/buy/o3/>
{'link': '/xiangyang/9dc2c63bd28e89bbx.htm#fr_page=list&fr_pos=city&fr_no=9',
 'name': '日产 奇骏 2014款 2.0L CVT舒适版 2WD',
 'price': '11.70'}
2020-05-03 15:10:44 [scrapy.core.scraper] DEBUG: Scraped from <200 https://www.guazi.com/zz/buy/o3/>
{'link': '/tj/e4d27b06e1c49378x.htm#fr_page=list&fr_pos=city&fr_no=10',
 'name': '奇瑞 瑞虎5 2014款 2.0L 手动智云版',
 'price': '4.54'}
2020-05-03 15:10:44 [scrapy.core.scraper] DEBUG: Scraped from <200 https://www.guazi.com/zz/buy/o3/>
{'link': '/sy/3807780fca955054x.htm#fr_page=list&fr_pos=city&fr_no=11',
 'name': '起亚K5 2012款 2.0L 自动GLS',
 'price': '7.62'}
2020-05-03 15:10:44 [scrapy.core.scraper] DEBUG: Scraped from <200 https://www.guazi.com/zz/buy/o3/>
{'link': '/wx/9fc3449dff34b202x.htm#fr_page=list&fr_pos=city&fr_no=12',
 'name': '海马S5 2017款 强动力版 1.6L 手动经典型',
 'price': '3.71'}
2020-05-03 15:10:44 [scrapy.core.scraper] DEBUG: Scraped from <200 https://www.guazi.com/zz/buy/o3/>
{'link': '/xa/700058d80d03efdax.htm#fr_page=list&fr_pos=city&fr_no=13',
 'name': '宝骏560 2015款 1.8L 手动精英型',
 'price': '4.65'}
2020-05-03 15:10:44 [scrapy.core.scraper] DEBUG: Scraped from <200 https://www.guazi.com/zz/buy/o3/>
{'link': '/dl/884497a1e9a40bebx.htm#fr_page=list&fr_pos=city&fr_no=14',
 'name': '现代 全新胜达 2013款 2.4L 自动四驱智能型',
 'price': '9.12'}
2020-05-03 15:10:44 [scrapy.core.scraper] DEBUG: Scraped from <200 https://www.guazi.com/zz/buy/o3/>
{'link': '/fz/84b698840cbaa9c0x.htm#fr_page=list&fr_pos=city&fr_no=15',
 'name': '丰田 卡罗拉 2017款 改款 1.2T S-CVT GL-i',
 'price': '8.84'}
2020-05-03 15:10:44 [scrapy.core.scraper] DEBUG: Scraped from <200 https://www.guazi.com/zz/buy/o3/>
{'link': '/cq/fd0da2f999a32e69x.htm#fr_page=list&fr_pos=city&fr_no=16',
 'name': '起亚K3 2016款 1.6L 自动GL',
 'price': '6.79'}
2020-05-03 15:10:44 [scrapy.core.scraper] DEBUG: Scraped from <200 https://www.guazi.com/zz/buy/o3/>
{'link': '/sy/2a9836c0247243fcx.htm#fr_page=list&fr_pos=city&fr_no=17',
 'name': '海马 福美来 2015款 1.6L 手动智尚型',
 'price': '3.72'}
2020-05-03 15:10:44 [scrapy.core.scraper] DEBUG: Scraped from <200 https://www.guazi.com/zz/buy/o3/>
{'link': '/sh/dd051d92ab24e7dfx.htm#fr_page=list&fr_pos=city&fr_no=18',
 'name': '雪佛兰 科帕奇 2015款 2.4L 四驱旗舰版 7座',
 'price': '8.64'}
2020-05-03 15:10:44 [scrapy.core.scraper] DEBUG: Scraped from <200 https://www.guazi.com/zz/buy/o3/>
{'link': '/linfen/dca502e03b40f0f3x.htm#fr_page=list&fr_pos=city&fr_no=19',
 'name': '哈弗H1 2016款 红标 1.5L AMT舒适型',
 'price': '3.54'}
2020-05-03 15:10:44 [scrapy.core.scraper] DEBUG: Scraped from <200 https://www.guazi.com/zz/buy/o3/>
{'link': '/hz/955f6c07492d732ax.htm#fr_page=list&fr_pos=city&fr_no=20',
 'name': '宝马1系 2012款 116i 领先型(进口)',
 'price': '9.77'}
2020-05-03 15:10:44 [scrapy.core.scraper] DEBUG: Scraped from <200 https://www.guazi.com/zz/buy/o3/>
{'link': '/yancheng/859f904fab572fa3x.htm#fr_page=list&fr_pos=city&fr_no=21',
 'name': '别克 英朗 2015款 15N 自动豪华型',
 'price': '6.51'}
2020-05-03 15:10:44 [scrapy.core.scraper] DEBUG: Scraped from <200 https://www.guazi.com/zz/buy/o3/>
{'link': '/bj/7e33c8d93439528dx.htm#fr_page=list&fr_pos=city&fr_no=22',
 'name': '别克 君越 2014款 2.0T SIDI 智享旗舰型',
 'price': '13.39'}
2020-05-03 15:10:44 [scrapy.core.scraper] DEBUG: Scraped from <200 https://www.guazi.com/zz/buy/o3/>
{'link': '/luoyang/4f664309844c3827x.htm#fr_page=list&fr_pos=city&fr_no=23',
 'name': '别克 君越 2016款 20T 豪华型',
 'price': '12.88'}
2020-05-03 15:10:44 [scrapy.core.scraper] DEBUG: Scraped from <200 https://www.guazi.com/zz/buy/o3/>
{'link': '/zunyi/495446f84a3b9d1cx.htm#fr_page=list&fr_pos=city&fr_no=24',
 'name': '福特 福睿斯 2015款 1.5L 自动时尚型',
 'price': '6.12'}
2020-05-03 15:10:44 [scrapy.core.scraper] DEBUG: Scraped from <200 https://www.guazi.com/zz/buy/o3/>
{'link': '/qd/b6b5aed152820bf1x.htm#fr_page=list&fr_pos=city&fr_no=25',
 'name': '五菱宏光 2015款 1.5L S基本型',
 'price': '3.90'}
2020-05-03 15:10:44 [scrapy.core.scraper] DEBUG: Scraped from <200 https://www.guazi.com/zz/buy/o3/>
{'link': '/anshan/2baa2296ffb87a65x.htm#fr_page=list&fr_pos=city&fr_no=26',
 'name': '沃尔沃XC60 2012款 T6 AWD舒适版(进口)',
 'price': '11.63'}
2020-05-03 15:10:44 [scrapy.core.scraper] DEBUG: Scraped from <200 https://www.guazi.com/zz/buy/o3/>
{'link': '/liaocheng/464c4bae9da9f155x.htm#fr_page=list&fr_pos=city&fr_no=27',
 'name': '本田 雅阁 2016款 2.0L 舒适版',
 'price': '13.21'}
2020-05-03 15:10:44 [scrapy.core.scraper] DEBUG: Scraped from <200 https://www.guazi.com/zz/buy/o3/>
{'link': '/yangzhou/a3065878a5b4829dx.htm#fr_page=list&fr_pos=city&fr_no=28',
 'name': '现代 领动 2016款 1.6L 自动智炫·精英型',
 'price': '7.44'}
2020-05-03 15:10:44 [scrapy.core.scraper] DEBUG: Scraped from <200 https://www.guazi.com/zz/buy/o3/>
{'link': '/sjz/06321e424dd2a32cx.htm#fr_page=list&fr_pos=city&fr_no=29',
 'name': '别克 威朗 2019款 三厢 15S 自动领先型',
 'price': '10.23'}
2020-05-03 15:10:44 [scrapy.core.scraper] DEBUG: Scraped from <200 https://www.guazi.com/zz/buy/o3/>
{'link': '/linyi/8611824e0186f076x.htm#fr_page=list&fr_pos=city&fr_no=30',
 'name': '起亚K2 2015款 三厢 1.4L AT GLS',
 'price': '4.95'}
2020-05-03 15:10:44 [scrapy.core.scraper] DEBUG: Scraped from <200 https://www.guazi.com/zz/buy/o3/>
{'link': '/linfen/24868edb6999e82dx.htm#fr_page=list&fr_pos=city&fr_no=31',
 'name': '丰田 威驰 2017款 1.3L CVT锐行版',
 'price': '6.68'}
2020-05-03 15:10:44 [scrapy.core.scraper] DEBUG: Scraped from <200 https://www.guazi.com/zz/buy/o3/>
{'link': '/xa/38de18117597f234x.htm#fr_page=list&fr_pos=city&fr_no=32',
 'name': '起亚K3 2016款 1.6L 自动GL',
 'price': '6.87'}
2020-05-03 15:10:44 [scrapy.core.scraper] DEBUG: Scraped from <200 https://www.guazi.com/zz/buy/o3/>
{'link': '/sjz/c6341557a3d6bce9x.htm#fr_page=list&fr_pos=city&fr_no=33',
 'name': '大众 速腾 2019款 280TSI DSG舒适型 国VI',
 'price': '12.79'}
2020-05-03 15:10:44 [scrapy.core.scraper] DEBUG: Scraped from <200 https://www.guazi.com/zz/buy/o3/>
{'link': '/sz/5bf4050a4e535a7bx.htm#fr_page=list&fr_pos=city&fr_no=34',
 'name': '宝马3系 2013款 320Li 时尚型',
 'price': '16.09'}
2020-05-03 15:10:44 [scrapy.core.scraper] DEBUG: Scraped from <200 https://www.guazi.com/zz/buy/o3/>
{'link': '/hrb/1c54246b25b338bex.htm#fr_page=list&fr_pos=city&fr_no=35',
 'name': '丰田 逸致 2011款 180E CVT精英版',
 'price': '6.42'}
2020-05-03 15:10:44 [scrapy.core.scraper] DEBUG: Scraped from <200 https://www.guazi.com/zz/buy/o3/>
{'link': '/bj/fcfca9462d8cc86ax.htm#fr_page=list&fr_pos=city&fr_no=36',
 'name': '别克GL8 2017款 ES 28T 旗舰型 国V',
 'price': '32.71'}
2020-05-03 15:10:44 [scrapy.core.scraper] DEBUG: Scraped from <200 https://www.guazi.com/zz/buy/o3/>
{'link': '/tangshan/84874746a744c106x.htm#fr_page=list&fr_pos=city&fr_no=37',
 'name': '丰田 威驰FS 2017款 1.5L CVT锋驰版',
 'price': '6.96'}
2020-05-03 15:10:44 [scrapy.core.scraper] DEBUG: Scraped from <200 https://www.guazi.com/zz/buy/o3/>
{'link': '/tangshan/e0d872984800e629x.htm#fr_page=list&fr_pos=city&fr_no=38',
 'name': '凯迪拉克SRX 2015款 3.0L 舒适型(进口)',
 'price': '15.16'}
2020-05-03 15:10:44 [scrapy.core.scraper] DEBUG: Scraped from <200 https://www.guazi.com/zz/buy/o3/>
{'link': '/qd/963f636814bcff3cx.htm#fr_page=list&fr_pos=city&fr_no=39',
 'name': '日产 天籁 2013款 2.0L XL舒适版',
 'price': '10.60'}
2020-05-03 15:10:45 [scrapy.core.engine] DEBUG: Crawled (200) <GET https://www.guazi.com/zz/buy/o4/#bread> (referer: None)
2020-05-03 15:10:46 [scrapy.core.scraper] DEBUG: Scraped from <200 https://www.guazi.com/zz/buy/o4/>
{'link': '/cd/ca6ad4d6a5c76c65x.htm#fr_page=list&fr_pos=city&fr_no=0',
 'name': '别克 英朗 2018款 18T 自动精英型',
 'price': '8.00'}
2020-05-03 15:10:46 [scrapy.core.scraper] DEBUG: Scraped from <200 https://www.guazi.com/zz/buy/o4/>
{'link': '/huizhou/f629eabffd06e3acx.htm#fr_page=list&fr_pos=city&fr_no=1',
 'name': '日产 轩逸 2016款 1.6XL  CVT尊享版',
 'price': '8.65'}
2020-05-03 15:10:46 [scrapy.core.scraper] DEBUG: Scraped from <200 https://www.guazi.com/zz/buy/o4/>
{'link': '/zz/38cbf2849732a3c1x.htm#fr_page=list&fr_pos=city&fr_no=2',
 'name': '丰田 卡罗拉 2017款 改款双擎 1.8L E-CVT精英版',
 'price': '11.61'}
2020-05-03 15:10:46 [scrapy.core.scraper] DEBUG: Scraped from <200 https://www.guazi.com/zz/buy/o4/>
{'link': '/hrb/d14cef292426d32dx.htm#fr_page=list&fr_pos=city&fr_no=3',
 'name': '宝骏510 2017款 1.5L 自动豪华型',
 'price': '6.42'}
2020-05-03 15:10:46 [scrapy.core.scraper] DEBUG: Scraped from <200 https://www.guazi.com/zz/buy/o4/>
{'link': '/yangzhou/3567bfc6daf771bcx.htm#fr_page=list&fr_pos=city&fr_no=4',
 'name': '起亚K3 2016款 1.6L 自动GLS',
 'price': '6.78'}
2020-05-03 15:10:46 [scrapy.core.scraper] DEBUG: Scraped from <200 https://www.guazi.com/zz/buy/o4/>
{'link': '/hrb/e5e7863a7b4be503x.htm#fr_page=list&fr_pos=city&fr_no=5',
 'name': '本田 艾力绅 2016款 2.4L 经典版',
 'price': '19.33'}
2020-05-03 15:10:46 [scrapy.core.scraper] DEBUG: Scraped from <200 https://www.guazi.com/zz/buy/o4/>
{'link': '/fz/e1d80c43318363dfx.htm#fr_page=list&fr_pos=city&fr_no=6',
 'name': '本田XR-V 2017款 1.5L LXi CVT经典版',
 'price': '10.89'}
2020-05-03 15:10:46 [scrapy.core.scraper] DEBUG: Scraped from <200 https://www.guazi.com/zz/buy/o4/>
{'link': '/baoding/eb1859e378972e31x.htm#fr_page=list&fr_pos=city&fr_no=7',
 'name': '福特 福睿斯 2017款 改款 1.5L 自动舒适型',
 'price': '6.51'}
2020-05-03 15:10:46 [scrapy.core.scraper] DEBUG: Scraped from <200 https://www.guazi.com/zz/buy/o4/>
{'link': '/xa/6451879b8d85c58fx.htm#fr_page=list&fr_pos=city&fr_no=8',
 'name': '大众 2019款 宝来·传奇 1.5L 自动领先型 国V',
 'price': '9.30'}
2020-05-03 15:10:46 [scrapy.core.scraper] DEBUG: Scraped from <200 https://www.guazi.com/zz/buy/o4/>
{'link': '/xa/b4b8ac4d37a1e75cx.htm#fr_page=list&fr_pos=city&fr_no=9',
 'name': '宝骏310 2016款 1.2L 手动超值型',
 'price': '2.79'}
2020-05-03 15:10:46 [scrapy.core.scraper] DEBUG: Scraped from <200 https://www.guazi.com/zz/buy/o4/>
{'link': '/cd/caabf87545c8b6e8x.htm#fr_page=list&fr_pos=city&fr_no=10',
 'name': '大众 朗逸 2017款 1.6L 自动风尚版',
 'price': '8.16'}
2020-05-03 15:10:46 [scrapy.core.scraper] DEBUG: Scraped from <200 https://www.guazi.com/zz/buy/o4/>
{'link': '/tangshan/e627f5c5f6d3b4cfx.htm#fr_page=list&fr_pos=city&fr_no=11',
 'name': '大众POLO 2016款 1.4L 手动风尚型',
 'price': '5.49'}
2020-05-03 15:10:46 [scrapy.core.scraper] DEBUG: Scraped from <200 https://www.guazi.com/zz/buy/o4/>
{'link': '/hrb/215f7097f8977707x.htm#fr_page=list&fr_pos=city&fr_no=12',
 'name': '丰田 RAV4 2016款 2.0L CVT两驱风尚版 国V',
 'price': '13.21'}
2020-05-03 15:10:46 [scrapy.core.scraper] DEBUG: Scraped from <200 https://www.guazi.com/zz/buy/o4/>
{'link': '/wenzhou/85ad5be5ba995f1ex.htm#fr_page=list&fr_pos=city&fr_no=13',
 'name': '奔驰GLC级 2016款 GLC 200 4MATIC',
 'price': '26.79'}
2020-05-03 15:10:46 [scrapy.core.scraper] DEBUG: Scraped from <200 https://www.guazi.com/zz/buy/o4/>
{'link': '/luoyang/a930fc0b3022b3dex.htm#fr_page=list&fr_pos=city&fr_no=14',
 'name': '大众 捷达 2015款 质惠版 1.4L 手动时尚型',
 'price': '4.00'}
2020-05-03 15:10:46 [scrapy.core.scraper] DEBUG: Scraped from <200 https://www.guazi.com/zz/buy/o4/>
{'link': '/yancheng/3faecd99aa6249f3x.htm#fr_page=list&fr_pos=city&fr_no=15',
 'name': '奥迪Q5 2013款 40 TFSI 技术型',
 'price': '19.00'}
2020-05-03 15:10:46 [scrapy.core.scraper] DEBUG: Scraped from <200 https://www.guazi.com/zz/buy/o4/>
{'link': '/yichang/92f4c0605a61e33bx.htm#fr_page=list&fr_pos=city&fr_no=16',
 'name': '雪佛兰 科鲁兹 2015款 1.5L 经典 SE AT',
 'price': '6.14'}
2020-05-03 15:10:46 [scrapy.core.scraper] DEBUG: Scraped from <200 https://www.guazi.com/zz/buy/o4/>
{'link': '/changzhou/89e828ada194be4cx.htm#fr_page=list&fr_pos=city&fr_no=17',
 'name': '大众 高尔夫 2014款 1.4TSI 自动舒适型',
 'price': '8.19'}
2020-05-03 15:10:46 [scrapy.core.scraper] DEBUG: Scraped from <200 https://www.guazi.com/zz/buy/o4/>
{'link': '/sz/3dc0e546e64c682bx.htm#fr_page=list&fr_pos=city&fr_no=18',
 'name': '江淮 瑞风 2011款 2.0L政采版 手动豪华型',
 'price': '4.00'}
2020-05-03 15:10:46 [scrapy.core.scraper] DEBUG: Scraped from <200 https://www.guazi.com/zz/buy/o4/>
{'link': '/sy/db57d7ca0c52322ex.htm#fr_page=list&fr_pos=city&fr_no=19',
 'name': '本田 飞度 2018款 1.5L CVT舒适版',
 'price': '7.13'}
2020-05-03 15:10:46 [scrapy.core.scraper] DEBUG: Scraped from <200 https://www.guazi.com/zz/buy/o4/>
{'link': '/xm/ec47553562eb2622x.htm#fr_page=list&fr_pos=city&fr_no=20',
 'name': '奥迪Q3 2015款 35 TFSI 舒适型',
 'price': '15.01'}
2020-05-03 15:10:46 [scrapy.core.scraper] DEBUG: Scraped from <200 https://www.guazi.com/zz/buy/o4/>
{'link': '/linyi/bb2ea51ebdced49bx.htm#fr_page=list&fr_pos=city&fr_no=21',
 'name': '起亚K2 2012款 三厢 1.4L AT GLS纪念版',
 'price': '4.60'}
2020-05-03 15:10:46 [scrapy.core.scraper] DEBUG: Scraped from <200 https://www.guazi.com/zz/buy/o4/>
{'link': '/yantai/d357e254c975de26x.htm#fr_page=list&fr_pos=city&fr_no=22',
 'name': '本田CR-V 2015款 2.0L 两驱都市版',
 'price': '13.07'}
2020-05-03 15:10:46 [scrapy.core.scraper] DEBUG: Scraped from <200 https://www.guazi.com/zz/buy/o4/>
{'link': '/zibo/7f4f24838aca09b9x.htm#fr_page=list&fr_pos=city&fr_no=23',
 'name': '起亚K3 2013款 1.6L 自动GL',
 'price': '5.93'}
2020-05-03 15:10:46 [scrapy.core.scraper] DEBUG: Scraped from <200 https://www.guazi.com/zz/buy/o4/>
{'link': '/sjz/029e0d877b1e50eex.htm#fr_page=list&fr_pos=city&fr_no=24',
 'name': '丰田 卡罗拉 2017款 改款双擎 1.8L E-CVT领先版',
 'price': '11.63'}
2020-05-03 15:10:46 [scrapy.core.scraper] DEBUG: Scraped from <200 https://www.guazi.com/zz/buy/o4/>
{'link': '/dl/5fb760e2fe0619b0x.htm#fr_page=list&fr_pos=city&fr_no=25',
 'name': '本田CR-V 2016款 2.0L 两驱都市版',
 'price': '14.70'}
2020-05-03 15:10:46 [scrapy.core.scraper] DEBUG: Scraped from <200 https://www.guazi.com/zz/buy/o4/>
{'link': '/nj/3e0d9071a032fbdcx.htm#fr_page=list&fr_pos=city&fr_no=26',
 'name': '别克 君威 2015款 1.6T 领先技术型',
 'price': '8.56'}
2020-05-03 15:10:46 [scrapy.core.scraper] DEBUG: Scraped from <200 https://www.guazi.com/zz/buy/o4/>
{'link': '/tj/d2553087c19798b8x.htm#fr_page=list&fr_pos=city&fr_no=27',
 'name': '奔驰GLA级 2018款 GLA 200 动感型',
 'price': '20.24'}
2020-05-03 15:10:46 [scrapy.core.scraper] DEBUG: Scraped from <200 https://www.guazi.com/zz/buy/o4/>
{'link': '/jn/6f843238f6f25b9dx.htm#fr_page=list&fr_pos=city&fr_no=28',
 'name': '雪佛兰 科沃兹 2018款 320 自动欣享天窗版',
 'price': '6.40'}
2020-05-03 15:10:46 [scrapy.core.scraper] DEBUG: Scraped from <200 https://www.guazi.com/zz/buy/o4/>
{'link': '/sjz/47500bb447652d82x.htm#fr_page=list&fr_pos=city&fr_no=29',
 'name': '本田 雅阁 2015款 2.0L LX 舒适版',
 'price': '12.28'}
2020-05-03 15:10:46 [scrapy.core.scraper] DEBUG: Scraped from <200 https://www.guazi.com/zz/buy/o4/>
{'link': '/gy/e188c6ac56e21705x.htm#fr_page=list&fr_pos=city&fr_no=30',
 'name': '日产 蓝鸟 2016款 1.6L CVT智酷版',
 'price': '8.64'}
2020-05-03 15:10:46 [scrapy.core.scraper] DEBUG: Scraped from <200 https://www.guazi.com/zz/buy/o4/>
{'link': '/sjz/3b14ba0605450b47x.htm#fr_page=list&fr_pos=city&fr_no=31',
 'name': '起亚K2 2017款 三厢 1.4L AT 15周年特别版GLS',
 'price': '6.61'}
2020-05-03 15:10:46 [scrapy.core.scraper] DEBUG: Scraped from <200 https://www.guazi.com/zz/buy/o4/>
{'link': '/hf/b9e8372f3ac4ebcex.htm#fr_page=list&fr_pos=city&fr_no=32',
 'name': '起亚KX5 2016款 1.6T 自动两驱DLX',
 'price': '10.12'}
2020-05-03 15:10:46 [scrapy.core.scraper] DEBUG: Scraped from <200 https://www.guazi.com/zz/buy/o4/>
{'link': '/yangzhou/b576751a30047489x.htm#fr_page=list&fr_pos=city&fr_no=33',
 'name': '马自达6 2011款 2.0L 自动时尚型',
 'price': '5.21'}
2020-05-03 15:10:46 [scrapy.core.scraper] DEBUG: Scraped from <200 https://www.guazi.com/zz/buy/o4/>
{'link': '/jinhua/0293935f9033a7e7x.htm#fr_page=list&fr_pos=city&fr_no=34',
 'name': '本田 思域 2016款 220TURBO CVT豪华版',
 'price': '11.91'}
2020-05-03 15:10:46 [scrapy.core.scraper] DEBUG: Scraped from <200 https://www.guazi.com/zz/buy/o4/>
{'link': '/wh/3c414b92b73d4885x.htm#fr_page=list&fr_pos=city&fr_no=35',
 'name': '雪佛兰 科鲁兹 2018款 320 自动先锋天窗版',
 'price': '6.33'}
2020-05-03 15:10:46 [scrapy.core.scraper] DEBUG: Scraped from <200 https://www.guazi.com/zz/buy/o4/>
{'link': '/xa/8ea729274465c63fx.htm#fr_page=list&fr_pos=city&fr_no=36',
 'name': '大众 高尔夫 2018款 230TSI 自动舒适型',
 'price': '11.63'}
2020-05-03 15:10:46 [scrapy.core.scraper] DEBUG: Scraped from <200 https://www.guazi.com/zz/buy/o4/>
{'link': '/langfang/3ee941e174a876aex.htm#fr_page=list&fr_pos=city&fr_no=37',
 'name': '雪佛兰 科鲁兹 2015款 1.5L 经典 SE AT',
 'price': '6.24'}
2020-05-03 15:10:46 [scrapy.core.scraper] DEBUG: Scraped from <200 https://www.guazi.com/zz/buy/o4/>
{'link': '/yangzhou/6f72934e396fa324x.htm#fr_page=list&fr_pos=city&fr_no=38',
 'name': '斯柯达 晶锐 2014款 1.4L 自动晶致版',
 'price': '4.87'}
2020-05-03 15:10:46 [scrapy.core.scraper] DEBUG: Scraped from <200 https://www.guazi.com/zz/buy/o4/>
{'link': '/wh/2fdec7404e4cd52fx.htm#fr_page=list&fr_pos=city&fr_no=39',
 'name': '大众 宝来 2019款 1.5L 自动精英型',
 'price': '10.23'}
2020-05-03 15:10:47 [scrapy.core.engine] DEBUG: Crawled (200) <GET https://www.guazi.com/zz/buy/o5/#bread> (referer: None)
2020-05-03 15:10:47 [scrapy.core.scraper] DEBUG: Scraped from <200 https://www.guazi.com/zz/buy/o5/>
{'link': '/bj/70616b487dca80d5x.htm#fr_page=list&fr_pos=city&fr_no=0',
 'name': '奔驰A级 2013款 A 200 都市型(进口)',
 'price': '11.44'}
2020-05-03 15:10:47 [scrapy.core.scraper] DEBUG: Scraped from <200 https://www.guazi.com/zz/buy/o5/>
{'link': '/jining/79c677b3073a9cbex.htm#fr_page=list&fr_pos=city&fr_no=1',
 'name': '丰田 卡罗拉 2017款 1.6L CVT GL',
 'price': '9.50'}
2020-05-03 15:10:47 [scrapy.core.scraper] DEBUG: Scraped from <200 https://www.guazi.com/zz/buy/o5/>
{'link': '/gy/1273f9ee68b69786x.htm#fr_page=list&fr_pos=city&fr_no=2',
 'name': '长安 逸动 2016款 1.6L 手动风尚型',
 'price': '4.26'}
2020-05-03 15:10:47 [scrapy.core.scraper] DEBUG: Scraped from <200 https://www.guazi.com/zz/buy/o5/>
{'link': '/jinhua/6f0b4dc6d43ffaebx.htm#fr_page=list&fr_pos=city&fr_no=3',
 'name': '大众 朗逸 2015款 230TSI DSG舒适版',
 'price': '7.22'}
2020-05-03 15:10:47 [scrapy.core.scraper] DEBUG: Scraped from <200 https://www.guazi.com/zz/buy/o5/>
{'link': '/zz/3a21158a3cad371dx.htm#fr_page=list&fr_pos=city&fr_no=4',
 'name': '现代 领动 2016款 1.6L 自动智炫·精英型',
 'price': '6.69'}
2020-05-03 15:10:47 [scrapy.core.scraper] DEBUG: Scraped from <200 https://www.guazi.com/zz/buy/o5/>
{'link': '/bj/a64b3ef58d105b74x.htm#fr_page=list&fr_pos=city&fr_no=5',
 'name': '沃尔沃V60 2015款 T5 智雅个性运动版(进口)',
 'price': '16.35'}
2020-05-03 15:10:47 [scrapy.core.scraper] DEBUG: Scraped from <200 https://www.guazi.com/zz/buy/o5/>
{'link': '/mianyang/c98c0b6f75828025x.htm#fr_page=list&fr_pos=city&fr_no=6',
 'name': '长安CS35 2016款 1.6L 手动豪华型 国V',
 'price': '4.54'}
2020-05-03 15:10:47 [scrapy.core.scraper] DEBUG: Scraped from <200 https://www.guazi.com/zz/buy/o5/>
{'link': '/wx/183dfadaa6c637a2x.htm#fr_page=list&fr_pos=city&fr_no=7',
 'name': 'Smart smart fortwo 2012款 1.0 MHD 硬顶舒适版',
 'price': '5.94'}
2020-05-03 15:10:47 [scrapy.core.scraper] DEBUG: Scraped from <200 https://www.guazi.com/zz/buy/o5/>
{'link': '/bj/3581167f4bb07bf0x.htm#fr_page=list&fr_pos=city&fr_no=8',
 'name': '东风风行 菱智 2015款 M3 1.6L 7座豪华型',
 'price': '3.06'}
2020-05-03 15:10:47 [scrapy.core.scraper] DEBUG: Scraped from <200 https://www.guazi.com/zz/buy/o5/>
{'link': '/sh/0ff3d90c60f03fe8x.htm#fr_page=list&fr_pos=city&fr_no=9',
 'name': '现代 名图 2014款 1.8L 自动智能型GLS',
 'price': '7.43'}
2020-05-03 15:10:47 [scrapy.core.scraper] DEBUG: Scraped from <200 https://www.guazi.com/zz/buy/o5/>
{'link': '/bj/c0e748cd1ee324c5x.htm#fr_page=list&fr_pos=city&fr_no=10',
 'name': '路虎 揽胜运动版 2014款 3.0 V6 SC HSE Dynamic(进口)',
 'price': '48.36'}
2020-05-03 15:10:47 [scrapy.core.scraper] DEBUG: Scraped from <200 https://www.guazi.com/zz/buy/o5/>
{'link': '/xa/540a3b4671e6f9c8x.htm#fr_page=list&fr_pos=city&fr_no=11',
 'name': '本田CR-V 2015款 2.4L 四驱豪华版',
 'price': '15.54'}
2020-05-03 15:10:47 [scrapy.core.scraper] DEBUG: Scraped from <200 https://www.guazi.com/zz/buy/o5/>
{'link': '/qd/2a18b473cdf39c01x.htm#fr_page=list&fr_pos=city&fr_no=12',
 'name': '宝骏510 2017款 1.5L 手动时尚型',
 'price': '5.98'}
2020-05-03 15:10:47 [scrapy.core.scraper] DEBUG: Scraped from <200 https://www.guazi.com/zz/buy/o5/>
{'link': '/fz/60ad8f1781a5d8a0x.htm#fr_page=list&fr_pos=city&fr_no=13',
 'name': '三菱 翼神 2012款 时尚版 1.8L 手动舒适型',
 'price': '3.29'}
2020-05-03 15:10:47 [scrapy.core.scraper] DEBUG: Scraped from <200 https://www.guazi.com/zz/buy/o5/>
{'link': '/yancheng/3a05fdd22a29adb3x.htm#fr_page=list&fr_pos=city&fr_no=14',
 'name': '起亚KX5 2016款 2.0L 自动两驱GLS',
 'price': '10.70'}
2020-05-03 15:10:47 [scrapy.core.scraper] DEBUG: Scraped from <200 https://www.guazi.com/zz/buy/o5/>
{'link': '/hrb/f61b5d2a42949c26x.htm#fr_page=list&fr_pos=city&fr_no=15',
 'name': '本田 艾力绅 2016款 2.4L 经典版',
 'price': '21.38'}
2020-05-03 15:10:47 [scrapy.core.scraper] DEBUG: Scraped from <200 https://www.guazi.com/zz/buy/o5/>
{'link': '/zjtaizhou/a47d3f1583596ed9x.htm#fr_page=list&fr_pos=city&fr_no=16',
 'name': '福特 福克斯 2011款 两厢 1.8L 自动时尚型',
 'price': '3.80'}
2020-05-03 15:10:47 [scrapy.core.scraper] DEBUG: Scraped from <200 https://www.guazi.com/zz/buy/o5/>
{'link': '/jinhua/b37ab76ab5368c43x.htm#fr_page=list&fr_pos=city&fr_no=17',
 'name': '大众 朗逸 2019款 280TSI DSG舒适版 国VI',
 'price': '11.44'}
2020-05-03 15:10:47 [scrapy.core.scraper] DEBUG: Scraped from <200 https://www.guazi.com/zz/buy/o5/>
{'link': '/su/19a93ffa37467032x.htm#fr_page=list&fr_pos=city&fr_no=18',
 'name': '别克 威朗 2018款 三厢 20T 双离合领先型',
 'price': '9.04'}
2020-05-03 15:10:47 [scrapy.core.scraper] DEBUG: Scraped from <200 https://www.guazi.com/zz/buy/o5/>
{'link': '/zunyi/7b672ed778aff3c9x.htm#fr_page=list&fr_pos=city&fr_no=19',
 'name': '奥迪Q5 2016款 40 TFSI 技术型',
 'price': '19.73'}
2020-05-03 15:10:47 [scrapy.core.scraper] DEBUG: Scraped from <200 https://www.guazi.com/zz/buy/o5/>
{'link': '/xuzhou/07f1ac5d258210d0x.htm#fr_page=list&fr_pos=city&fr_no=20',
 'name': '日产 骐达 2016款 1.6L CVT酷动版',
 'price': '8.56'}
2020-05-03 15:10:47 [scrapy.core.scraper] DEBUG: Scraped from <200 https://www.guazi.com/zz/buy/o5/>
{'link': '/nantong/86e161075e5b94fbx.htm#fr_page=list&fr_pos=city&fr_no=21',
 'name': '本田 飞度 2014款 1.5L SE CVT时尚型',
 'price': '6.57'}
2020-05-03 15:10:47 [scrapy.core.scraper] DEBUG: Scraped from <200 https://www.guazi.com/zz/buy/o5/>
{'link': '/suqian/63ffe2f038f8d546x.htm#fr_page=list&fr_pos=city&fr_no=22',
 'name': '福特 福克斯 2018款 两厢经典 1.6L 自动舒适型智行版',
 'price': '7.41'}
2020-05-03 15:10:47 [scrapy.core.scraper] DEBUG: Scraped from <200 https://www.guazi.com/zz/buy/o5/>
{'link': '/sjz/112d88b2cf567f4ax.htm#fr_page=list&fr_pos=city&fr_no=23',
 'name': '奔驰GLC级 2017款 GLC 260 4MATIC 动感型',
 'price': '32.55'}
2020-05-03 15:10:47 [scrapy.core.scraper] DEBUG: Scraped from <200 https://www.guazi.com/zz/buy/o5/>
{'link': '/hrb/6c64664385b8e52fx.htm#fr_page=list&fr_pos=city&fr_no=24',
 'name': '北京BJ20 2016款 1.5T 手动精英型',
 'price': '5.58'}
2020-05-03 15:10:47 [scrapy.core.scraper] DEBUG: Scraped from <200 https://www.guazi.com/zz/buy/o5/>
{'link': '/linfen/5fea43dfe3766c3fx.htm#fr_page=list&fr_pos=city&fr_no=25',
 'name': '雪佛兰 科鲁兹 2015款 1.5L 经典 SE AT',
 'price': '5.99'}
2020-05-03 15:10:47 [scrapy.core.scraper] DEBUG: Scraped from <200 https://www.guazi.com/zz/buy/o5/>
{'link': '/baotou/49154d1e9a8fc95bx.htm#fr_page=list&fr_pos=city&fr_no=26',
 'name': '现代 索纳塔九 2015款 1.6T GLS智能型',
 'price': '8.84'}
2020-05-03 15:10:47 [scrapy.core.scraper] DEBUG: Scraped from <200 https://www.guazi.com/zz/buy/o5/>
{'link': '/hrb/fb2eb574d7686fd6x.htm#fr_page=list&fr_pos=city&fr_no=27',
 'name': '哈弗H1 2016款 蓝标 1.5L 手动都市型',
 'price': '3.82'}
2020-05-03 15:10:47 [scrapy.core.scraper] DEBUG: Scraped from <200 https://www.guazi.com/zz/buy/o5/>
{'link': '/bj/d1911adb0d3f427ex.htm#fr_page=list&fr_pos=city&fr_no=28',
 'name': '大众 途昂 2017款 530 V6 四驱豪华版',
 'price': '30.23'}
2020-05-03 15:10:47 [scrapy.core.scraper] DEBUG: Scraped from <200 https://www.guazi.com/zz/buy/o5/>
{'link': '/dl/80df895ae51fa8b0x.htm#fr_page=list&fr_pos=city&fr_no=29',
 'name': '本田 竞瑞 2017款 1.5L CVT经典版',
 'price': '7.35'}
2020-05-03 15:10:47 [scrapy.core.scraper] DEBUG: Scraped from <200 https://www.guazi.com/zz/buy/o5/>
{'link': '/weifang/48bc8a84e19e33f3x.htm#fr_page=list&fr_pos=city&fr_no=30',
 'name': '斯巴鲁XV 2014款 2.0i 精英版',
 'price': '11.58'}
2020-05-03 15:10:47 [scrapy.core.scraper] DEBUG: Scraped from <200 https://www.guazi.com/zz/buy/o5/>
{'link': '/yuncheng/b93babe6703a721bx.htm#fr_page=list&fr_pos=city&fr_no=31',
 'name': '大众 桑塔纳 2016款 1.6L 手动风尚版',
 'price': '5.19'}
2020-05-03 15:10:47 [scrapy.core.scraper] DEBUG: Scraped from <200 https://www.guazi.com/zz/buy/o5/>
{'link': '/sy/e4749e47ce22ad77x.htm#fr_page=list&fr_pos=city&fr_no=32',
 'name': '丰田 雷凌 2016款 1.6G CVT精英版',
 'price': '9.66'}
2020-05-03 15:10:47 [scrapy.core.scraper] DEBUG: Scraped from <200 https://www.guazi.com/zz/buy/o5/>
{'link': '/jinhua/0dbc54960c32dbe2x.htm#fr_page=list&fr_pos=city&fr_no=33',
 'name': '宝马3系 2016款 320Li 进取型',
 'price': '19.81'}
2020-05-03 15:10:47 [scrapy.core.scraper] DEBUG: Scraped from <200 https://www.guazi.com/zz/buy/o5/>
{'link': '/cs/ca89f7da16f0ae29x.htm#fr_page=list&fr_pos=city&fr_no=34',
 'name': '别克 威朗 2019款 三厢 15S 自动进取型',
 'price': '8.79'}
2020-05-03 15:10:47 [scrapy.core.scraper] DEBUG: Scraped from <200 https://www.guazi.com/zz/buy/o5/>
{'link': '/jn/ba5155007489e312x.htm#fr_page=list&fr_pos=city&fr_no=35',
 'name': '日产 骊威 2013款 劲锐 1.6XL CVT舒适版',
 'price': '5.21'}
2020-05-03 15:10:47 [scrapy.core.scraper] DEBUG: Scraped from <200 https://www.guazi.com/zz/buy/o5/>
{'link': '/daqing/602b084880802ab1x.htm#fr_page=list&fr_pos=city&fr_no=36',
 'name': '大众 捷达 2017款 1.5L 手动时尚型',
 'price': '5.96'}
2020-05-03 15:10:47 [scrapy.core.scraper] DEBUG: Scraped from <200 https://www.guazi.com/zz/buy/o5/>
{'link': '/nj/a3597bc3c41a1c5fx.htm#fr_page=list&fr_pos=city&fr_no=37',
 'name': '雪佛兰 探界者 2017款 535T 自动驰界版',
 'price': '11.91'}
2020-05-03 15:10:47 [scrapy.core.scraper] DEBUG: Scraped from <200 https://www.guazi.com/zz/buy/o5/>
{'link': '/mianyang/7c743311f9f5cd23x.htm#fr_page=list&fr_pos=city&fr_no=38',
 'name': '众泰T500 2018款 1.5T 自动智能互联尊贵型',
 'price': '6.03'}
2020-05-03 15:10:47 [scrapy.core.scraper] DEBUG: Scraped from <200 https://www.guazi.com/zz/buy/o5/>
{'link': '/xa/5db686e0a65d93e0x.htm#fr_page=list&fr_pos=city&fr_no=39',
 'name': '宝马5系 2014款 520Li 典雅型',
 'price': '24.09'}
2020-05-03 15:10:47 [scrapy.core.engine] INFO: Closing spider (finished)
2020-05-03 15:10:47 [scrapy.extensions.feedexport] INFO: Stored json feed (200 items) in: guazi.json
2020-05-03 15:10:47 [scrapy.statscollectors] INFO: Dumping Scrapy stats:
{'downloader/request_bytes': 7040,
 'downloader/request_count': 5,
 'downloader/request_method_count/GET': 5,
 'downloader/response_bytes': 259612,
 'downloader/response_count': 5,
 'downloader/response_status_count/200': 5,
 'elapsed_time_seconds': 5.542016,
 'finish_reason': 'finished',
 'finish_time': datetime.datetime(2020, 5, 3, 7, 10, 47, 504033),
 'item_scraped_count': 200,
 'log_count/DEBUG': 205,
 'log_count/INFO': 11,
 'memusage/max': 780079104,
 'memusage/startup': 780079104,
 'response_received_count': 5,
 'scheduler/dequeued': 5,
 'scheduler/dequeued/memory': 5,
 'scheduler/enqueued': 5,
 'scheduler/enqueued/memory': 5,
 'start_time': datetime.datetime(2020, 5, 3, 7, 10, 41, 962017)}
2020-05-03 15:10:47 [scrapy.core.engine] INFO: Spider closed (finished)
